# JRE version: OpenJDK Runtime Environment (8.0_212-b04) (build 1.8.0_212-release-1586-b04)
# Java VM: OpenJDK 64-Bit Server VM (25.212-b04 mixed mode windows-amd64 compressed oops)
Heap:
 PSYoungGen      total 343552K, used 160682K [0x00000000e0000000, 0x00000000f8b80000, 0x0000000100000000)
  eden space 298496K, 46% used [0x00000000e0000000,0x00000000e88046b0,0x00000000f2380000)
  from space 45056K, 47% used [0x00000000f2380000,0x00000000f38662b0,0x00000000f4f80000)
  to   space 42496K, 0% used [0x00000000f6200000,0x00000000f6200000,0x00000000f8b80000)
 ParOldGen       total 224256K, used 63607K [0x00000000a0000000, 0x00000000adb00000, 0x00000000e0000000)
  object space 224256K, 28% used [0x00000000a0000000,0x00000000a3e1dc58,0x00000000adb00000)
 Metaspace       used 99343K, capacity 105216K, committed 105472K, reserved 1140736K
  class space    used 12853K, capacity 13965K, committed 14080K, reserved 1048576K
GC Heap History (10 events):
Event: 1976.049 GC heap before
{Heap before GC invocations=23 (full 4):
 PSYoungGen      total 287232K, used 257012K [0x00000000e0000000, 0x00000000f5480000, 0x0000000100000000)
  eden space 242176K, 100% used [0x00000000e0000000,0x00000000eec80000,0x00000000eec80000)
  from space 45056K, 32% used [0x00000000f2880000,0x00000000f36fd348,0x00000000f5480000)
  to   space 53248K, 0% used [0x00000000eec80000,0x00000000eec80000,0x00000000f2080000)
 ParOldGen       total 224256K, used 63567K [0x00000000a0000000, 0x00000000adb00000, 0x00000000e0000000)
  object space 224256K, 28% used [0x00000000a0000000,0x00000000a3e13c58,0x00000000adb00000)
 Metaspace       used 97093K, capacity 101998K, committed 103424K, reserved 1138688K
  class space    used 12711K, capacity 13678K, committed 14080K, reserved 1048576K
Event: 1976.066 GC heap after
Heap after GC invocations=23 (full 4):
 PSYoungGen      total 295424K, used 12840K [0x00000000e0000000, 0x00000000f7280000, 0x0000000100000000)
  eden space 242176K, 0% used [0x00000000e0000000,0x00000000e0000000,0x00000000eec80000)
  from space 53248K, 24% used [0x00000000eec80000,0x00000000ef90a270,0x00000000f2080000)
  to   space 51712K, 0% used [0x00000000f4000000,0x00000000f4000000,0x00000000f7280000)
 ParOldGen       total 224256K, used 63575K [0x00000000a0000000, 0x00000000adb00000, 0x00000000e0000000)
  object space 224256K, 28% used [0x00000000a0000000,0x00000000a3e15c58,0x00000000adb00000)
 Metaspace       used 97093K, capacity 101998K, committed 103424K, reserved 1138688K
  class space    used 12711K, capacity 13678K, committed 14080K, reserved 1048576K
}
Event: 1978.008 GC heap before
{Heap before GC invocations=24 (full 4):
 PSYoungGen      total 295424K, used 255016K [0x00000000e0000000, 0x00000000f7280000, 0x0000000100000000)
  eden space 242176K, 100% used [0x00000000e0000000,0x00000000eec80000,0x00000000eec80000)
  from space 53248K, 24% used [0x00000000eec80000,0x00000000ef90a270,0x00000000f2080000)
  to   space 51712K, 0% used [0x00000000f4000000,0x00000000f4000000,0x00000000f7280000)
 ParOldGen       total 224256K, used 63575K [0x00000000a0000000, 0x00000000adb00000, 0x00000000e0000000)
  object space 224256K, 28% used [0x00000000a0000000,0x00000000a3e15c58,0x00000000adb00000)
 Metaspace       used 97642K, capacity 102488K, committed 103680K, reserved 1138688K
  class space    used 12714K, capacity 13681K, committed 14080K, reserved 1048576K
Event: 1978.029 GC heap after
Heap after GC invocations=24 (full 4):
 PSYoungGen      total 319488K, used 22890K [0x00000000e0000000, 0x00000000f6c00000, 0x0000000100000000)
  eden space 274432K, 0% used [0x00000000e0000000,0x00000000e0000000,0x00000000f0c00000)
  from space 45056K, 50% used [0x00000000f4000000,0x00000000f565a818,0x00000000f6c00000)
  to   space 49152K, 0% used [0x00000000f0c00000,0x00000000f0c00000,0x00000000f3c00000)
 ParOldGen       total 224256K, used 63583K [0x00000000a0000000, 0x00000000adb00000, 0x00000000e0000000)
  object space 224256K, 28% used [0x00000000a0000000,0x00000000a3e17c58,0x00000000adb00000)
 Metaspace       used 97642K, capacity 102488K, committed 103680K, reserved 1138688K
  class space    used 12714K, capacity 13681K, committed 14080K, reserved 1048576K
}
Event: 2291.194 GC heap before
{Heap before GC invocations=25 (full 4):
 PSYoungGen      total 319488K, used 297322K [0x00000000e0000000, 0x00000000f6c00000, 0x0000000100000000)
  eden space 274432K, 100% used [0x00000000e0000000,0x00000000f0c00000,0x00000000f0c00000)
  from space 45056K, 50% used [0x00000000f4000000,0x00000000f565a818,0x00000000f6c00000)
  to   space 49152K, 0% used [0x00000000f0c00000,0x00000000f0c00000,0x00000000f3c00000)
 ParOldGen       total 224256K, used 63583K [0x00000000a0000000, 0x00000000adb00000, 0x00000000e0000000)
  object space 224256K, 28% used [0x00000000a0000000,0x00000000a3e17c58,0x00000000adb00000)
 Metaspace       used 98339K, capacity 103606K, committed 104192K, reserved 1138688K
  class space    used 12778K, capacity 13828K, committed 14080K, reserved 1048576K
Event: 2291.209 GC heap after
Heap after GC invocations=25 (full 4):
 PSYoungGen      total 323584K, used 19910K [0x00000000e0000000, 0x00000000f8400000, 0x0000000100000000)
  eden space 274432K, 0% used [0x00000000e0000000,0x00000000e0000000,0x00000000f0c00000)
  from space 49152K, 40% used [0x00000000f0c00000,0x00000000f1f71840,0x00000000f3c00000)
  to   space 46592K, 0% used [0x00000000f5680000,0x00000000f5680000,0x00000000f8400000)
 ParOldGen       total 224256K, used 63591K [0x00000000a0000000, 0x00000000adb00000, 0x00000000e0000000)
  object space 224256K, 28% used [0x00000000a0000000,0x00000000a3e19c58,0x00000000adb00000)
 Metaspace       used 98339K, capacity 103606K, committed 104192K, reserved 1138688K
  class space    used 12778K, capacity 13828K, committed 14080K, reserved 1048576K
}
Event: 2845.474 GC heap before
{Heap before GC invocations=26 (full 4):
 PSYoungGen      total 323584K, used 294342K [0x00000000e0000000, 0x00000000f8400000, 0x0000000100000000)
  eden space 274432K, 100% used [0x00000000e0000000,0x00000000f0c00000,0x00000000f0c00000)
  from space 49152K, 40% used [0x00000000f0c00000,0x00000000f1f71840,0x00000000f3c00000)
  to   space 46592K, 0% used [0x00000000f5680000,0x00000000f5680000,0x00000000f8400000)
 ParOldGen       total 224256K, used 63591K [0x00000000a0000000, 0x00000000adb00000, 0x00000000e0000000)
  object space 224256K, 28% used [0x00000000a0000000,0x00000000a3e19c58,0x00000000adb00000)
 Metaspace       used 98883K, capacity 104230K, committed 104704K, reserved 1140736K
  class space    used 12788K, capacity 13844K, committed 14080K, reserved 1048576K
Event: 2845.494 GC heap after
Heap after GC invocations=26 (full 4):
 PSYoungGen      total 336384K, used 17601K [0x00000000e0000000, 0x00000000f7b80000, 0x0000000100000000)
  eden space 298496K, 0% used [0x00000000e0000000,0x00000000e0000000,0x00000000f2380000)
  from space 37888K, 46% used [0x00000000f5680000,0x00000000f67b0620,0x00000000f7b80000)
  to   space 45056K, 0% used [0x00000000f2380000,0x00000000f2380000,0x00000000f4f80000)
 ParOldGen       total 224256K, used 63599K [0x00000000a0000000, 0x00000000adb00000, 0x00000000e0000000)
  object space 224256K, 28% used [0x00000000a0000000,0x00000000a3e1bc58,0x00000000adb00000)
 Metaspace       used 98883K, capacity 104230K, committed 104704K, reserved 1140736K
  class space    used 12788K, capacity 13844K, committed 14080K, reserved 1048576K
}
Event: 2871.762 GC heap before
{Heap before GC invocations=27 (full 4):
 PSYoungGen      total 336384K, used 316097K [0x00000000e0000000, 0x00000000f7b80000, 0x0000000100000000)
  eden space 298496K, 100% used [0x00000000e0000000,0x00000000f2380000,0x00000000f2380000)
  from space 37888K, 46% used [0x00000000f5680000,0x00000000f67b0620,0x00000000f7b80000)
  to   space 45056K, 0% used [0x00000000f2380000,0x00000000f2380000,0x00000000f4f80000)
 ParOldGen       total 224256K, used 63599K [0x00000000a0000000, 0x00000000adb00000, 0x00000000e0000000)
  object space 224256K, 28% used [0x00000000a0000000,0x00000000a3e1bc58,0x00000000adb00000)
 Metaspace       used 99242K, capacity 105094K, committed 105472K, reserved 1140736K
  class space    used 12848K, capacity 13956K, committed 14080K, reserved 1048576K
Event: 2871.775 GC heap after
Heap after GC invocations=27 (full 4):
 PSYoungGen      total 343552K, used 21400K [0x00000000e0000000, 0x00000000f8b80000, 0x0000000100000000)
  eden space 298496K, 0% used [0x00000000e0000000,0x00000000e0000000,0x00000000f2380000)
  from space 45056K, 47% used [0x00000000f2380000,0x00000000f38662b0,0x00000000f4f80000)
  to   space 42496K, 0% used [0x00000000f6200000,0x00000000f6200000,0x00000000f8b80000)
 ParOldGen       total 224256K, used 63607K [0x00000000a0000000, 0x00000000adb00000, 0x00000000e0000000)
  object space 224256K, 28% used [0x00000000a0000000,0x00000000a3e1dc58,0x00000000adb00000)
 Metaspace       used 99242K, capacity 105094K, committed 105472K, reserved 1140736K
  class space    used 12848K, capacity 13956K, committed 14080K, reserved 1048576K
}

